<?xml version="1.0" encoding="UTF-8"?>
<testsuite xmlns:xsi="http://www.w3.org/2001/XMLSchema-instance" xsi:noNamespaceSchemaLocation="https://maven.apache.org/surefire/maven-surefire-plugin/xsd/surefire-test-report.xsd" name="TestSuite" time="49.191" tests="3" errors="0" skipped="0" failures="1">
  <properties>
    <property name="java.specification.version" value="15"/>
    <property name="webdriver.chrome.driver" value="G:\Software_Testing\UITest\Resources\Drivers\chromedriver.exe"/>
    <property name="sun.cpu.isalist" value="amd64"/>
    <property name="sun.jnu.encoding" value="Cp1252"/>
    <property name="java.class.path" value="C:\Program Files\apache-maven-3.6.3\bin\..\boot\plexus-classworlds-2.6.0.jar"/>
    <property name="java.vm.vendor" value="Oracle Corporation"/>
    <property name="sun.arch.data.model" value="64"/>
    <property name="user.variant" value=""/>
    <property name="java.vendor.url" value="https://java.oracle.com/"/>
    <property name="user.timezone" value="America/Toronto"/>
    <property name="maven.conf" value="C:\Program Files\apache-maven-3.6.3\bin\../conf"/>
    <property name="java.vm.specification.version" value="15"/>
    <property name="os.name" value="Windows 10"/>
    <property name="sun.java.launcher" value="SUN_STANDARD"/>
    <property name="user.country" value="CA"/>
    <property name="sun.boot.library.path" value="C:\Program Files\Java\jdk-15.0.2\bin"/>
    <property name="sun.java.command" value="org.codehaus.plexus.classworlds.launcher.Launcher test"/>
    <property name="jdk.debug" value="release"/>
    <property name="maven.home" value="C:\Program Files\apache-maven-3.6.3\bin\.."/>
    <property name="surefire.test.class.path" value="G:\Software_Testing\UITest\target\test-classes;G:\Software_Testing\UITest\target\classes;C:\Users\Demo\.m2\repository\junit\junit\4.11\junit-4.11.jar;C:\Users\Demo\.m2\repository\org\hamcrest\hamcrest-core\1.3\hamcrest-core-1.3.jar;C:\Users\Demo\.m2\repository\org\seleniumhq\selenium\selenium-java\4.0.0-alpha-5\selenium-java-4.0.0-alpha-5.jar;C:\Users\Demo\.m2\repository\org\seleniumhq\selenium\selenium-api\4.0.0-alpha-5\selenium-api-4.0.0-alpha-5.jar;C:\Users\Demo\.m2\repository\org\seleniumhq\selenium\selenium-chrome-driver\4.0.0-alpha-5\selenium-chrome-driver-4.0.0-alpha-5.jar;C:\Users\Demo\.m2\repository\com\google\auto\service\auto-service-annotations\1.0-rc6\auto-service-annotations-1.0-rc6.jar;C:\Users\Demo\.m2\repository\com\google\auto\service\auto-service\1.0-rc6\auto-service-1.0-rc6.jar;C:\Users\Demo\.m2\repository\com\google\auto\auto-common\0.10\auto-common-0.10.jar;C:\Users\Demo\.m2\repository\com\google\guava\guava\28.2-jre\guava-28.2-jre.jar;C:\Users\Demo\.m2\repository\com\google\guava\failureaccess\1.0.1\failureaccess-1.0.1.jar;C:\Users\Demo\.m2\repository\com\google\guava\listenablefuture\9999.0-empty-to-avoid-conflict-with-guava\listenablefuture-9999.0-empty-to-avoid-conflict-with-guava.jar;C:\Users\Demo\.m2\repository\com\google\code\findbugs\jsr305\3.0.2\jsr305-3.0.2.jar;C:\Users\Demo\.m2\repository\org\checkerframework\checker-qual\2.10.0\checker-qual-2.10.0.jar;C:\Users\Demo\.m2\repository\com\google\errorprone\error_prone_annotations\2.3.4\error_prone_annotations-2.3.4.jar;C:\Users\Demo\.m2\repository\com\google\j2objc\j2objc-annotations\1.3\j2objc-annotations-1.3.jar;C:\Users\Demo\.m2\repository\org\seleniumhq\selenium\selenium-chromium-driver\4.0.0-alpha-5\selenium-chromium-driver-4.0.0-alpha-5.jar;C:\Users\Demo\.m2\repository\org\seleniumhq\selenium\selenium-devtools\4.0.0-alpha-5\selenium-devtools-4.0.0-alpha-5.jar;C:\Users\Demo\.m2\repository\org\seleniumhq\selenium\selenium-http\4.0.0-alpha-5\selenium-http-4.0.0-alpha-5.jar;C:\Users\Demo\.m2\repository\org\seleniumhq\selenium\selenium-json\4.0.0-alpha-5\selenium-json-4.0.0-alpha-5.jar;C:\Users\Demo\.m2\repository\org\seleniumhq\selenium\selenium-edge-driver\4.0.0-alpha-5\selenium-edge-driver-4.0.0-alpha-5.jar;C:\Users\Demo\.m2\repository\org\seleniumhq\selenium\selenium-edgehtml-driver\4.0.0-alpha-5\selenium-edgehtml-driver-4.0.0-alpha-5.jar;C:\Users\Demo\.m2\repository\org\seleniumhq\selenium\selenium-firefox-driver\4.0.0-alpha-5\selenium-firefox-driver-4.0.0-alpha-5.jar;C:\Users\Demo\.m2\repository\org\seleniumhq\selenium\selenium-firefox-xpi-driver\4.0.0-alpha-5\selenium-firefox-xpi-driver-4.0.0-alpha-5.jar;C:\Users\Demo\.m2\repository\org\seleniumhq\selenium\selenium-ie-driver\4.0.0-alpha-5\selenium-ie-driver-4.0.0-alpha-5.jar;C:\Users\Demo\.m2\repository\org\seleniumhq\selenium\selenium-opera-driver\4.0.0-alpha-5\selenium-opera-driver-4.0.0-alpha-5.jar;C:\Users\Demo\.m2\repository\org\seleniumhq\selenium\selenium-remote-driver\4.0.0-alpha-5\selenium-remote-driver-4.0.0-alpha-5.jar;C:\Users\Demo\.m2\repository\com\squareup\okhttp3\okhttp\4.4.1\okhttp-4.4.1.jar;C:\Users\Demo\.m2\repository\org\jetbrains\kotlin\kotlin-stdlib\1.3.61\kotlin-stdlib-1.3.61.jar;C:\Users\Demo\.m2\repository\org\jetbrains\annotations\13.0\annotations-13.0.jar;C:\Users\Demo\.m2\repository\com\squareup\okio\okio\2.4.3\okio-2.4.3.jar;C:\Users\Demo\.m2\repository\org\jetbrains\kotlin\kotlin-stdlib-common\1.3.61\kotlin-stdlib-common-1.3.61.jar;C:\Users\Demo\.m2\repository\com\typesafe\netty\netty-reactive-streams\2.0.4\netty-reactive-streams-2.0.4.jar;C:\Users\Demo\.m2\repository\io\netty\netty-handler\4.1.43.Final\netty-handler-4.1.43.Final.jar;C:\Users\Demo\.m2\repository\org\reactivestreams\reactive-streams\1.0.3\reactive-streams-1.0.3.jar;C:\Users\Demo\.m2\repository\io\netty\netty-buffer\4.1.47.Final\netty-buffer-4.1.47.Final.jar;C:\Users\Demo\.m2\repository\io\netty\netty-common\4.1.47.Final\netty-common-4.1.47.Final.jar;C:\Users\Demo\.m2\repository\io\netty\netty-codec-http\4.1.47.Final\netty-codec-http-4.1.47.Final.jar;C:\Users\Demo\.m2\repository\io\netty\netty-codec\4.1.47.Final\netty-codec-4.1.47.Final.jar;C:\Users\Demo\.m2\repository\io\netty\netty-transport-native-epoll\4.1.47.Final\netty-transport-native-epoll-4.1.47.Final.jar;C:\Users\Demo\.m2\repository\io\netty\netty-transport-native-epoll\4.1.47.Final\netty-transport-native-epoll-4.1.47.Final-linux-x86_64.jar;C:\Users\Demo\.m2\repository\io\netty\netty-transport-native-kqueue\4.1.47.Final\netty-transport-native-kqueue-4.1.47.Final.jar;C:\Users\Demo\.m2\repository\io\netty\netty-transport-native-kqueue\4.1.47.Final\netty-transport-native-kqueue-4.1.47.Final-osx-x86_64.jar;C:\Users\Demo\.m2\repository\io\netty\netty-transport-native-unix-common\4.1.47.Final\netty-transport-native-unix-common-4.1.47.Final.jar;C:\Users\Demo\.m2\repository\io\netty\netty-transport\4.1.47.Final\netty-transport-4.1.47.Final.jar;C:\Users\Demo\.m2\repository\io\netty\netty-resolver\4.1.47.Final\netty-resolver-4.1.47.Final.jar;C:\Users\Demo\.m2\repository\io\opentelemetry\opentelemetry-api\0.2.0\opentelemetry-api-0.2.0.jar;C:\Users\Demo\.m2\repository\io\grpc\grpc-context\1.24.0\grpc-context-1.24.0.jar;C:\Users\Demo\.m2\repository\net\bytebuddy\byte-buddy\1.10.8\byte-buddy-1.10.8.jar;C:\Users\Demo\.m2\repository\org\apache\commons\commons-exec\1.3\commons-exec-1.3.jar;C:\Users\Demo\.m2\repository\org\asynchttpclient\async-http-client\2.11.0\async-http-client-2.11.0.jar;C:\Users\Demo\.m2\repository\org\asynchttpclient\async-http-client-netty-utils\2.11.0\async-http-client-netty-utils-2.11.0.jar;C:\Users\Demo\.m2\repository\io\netty\netty-codec-socks\4.1.46.Final\netty-codec-socks-4.1.46.Final.jar;C:\Users\Demo\.m2\repository\io\netty\netty-handler-proxy\4.1.46.Final\netty-handler-proxy-4.1.46.Final.jar;C:\Users\Demo\.m2\repository\org\slf4j\slf4j-api\1.7.30\slf4j-api-1.7.30.jar;C:\Users\Demo\.m2\repository\com\sun\activation\javax.activation\1.2.0\javax.activation-1.2.0.jar;C:\Users\Demo\.m2\repository\org\seleniumhq\selenium\selenium-safari-driver\4.0.0-alpha-5\selenium-safari-driver-4.0.0-alpha-5.jar;C:\Users\Demo\.m2\repository\org\seleniumhq\selenium\selenium-support\4.0.0-alpha-5\selenium-support-4.0.0-alpha-5.jar;C:\Users\Demo\.m2\repository\org\apache\poi\poi\4.1.2\poi-4.1.2.jar;C:\Users\Demo\.m2\repository\commons-codec\commons-codec\1.13\commons-codec-1.13.jar;C:\Users\Demo\.m2\repository\org\apache\commons\commons-collections4\4.4\commons-collections4-4.4.jar;C:\Users\Demo\.m2\repository\org\apache\commons\commons-math3\3.6.1\commons-math3-3.6.1.jar;C:\Users\Demo\.m2\repository\com\zaxxer\SparseBitSet\1.2\SparseBitSet-1.2.jar;C:\Users\Demo\.m2\repository\org\apache\poi\poi-ooxml\4.1.2\poi-ooxml-4.1.2.jar;C:\Users\Demo\.m2\repository\org\apache\poi\poi-ooxml-schemas\4.1.2\poi-ooxml-schemas-4.1.2.jar;C:\Users\Demo\.m2\repository\org\apache\xmlbeans\xmlbeans\3.1.0\xmlbeans-3.1.0.jar;C:\Users\Demo\.m2\repository\org\apache\commons\commons-compress\1.19\commons-compress-1.19.jar;C:\Users\Demo\.m2\repository\com\github\virtuald\curvesapi\1.06\curvesapi-1.06.jar;C:\Users\Demo\.m2\repository\org\testng\testng\6.8.8\testng-6.8.8.jar;C:\Users\Demo\.m2\repository\org\beanshell\bsh\2.0b4\bsh-2.0b4.jar;C:\Users\Demo\.m2\repository\com\beust\jcommander\1.27\jcommander-1.27.jar;C:\Users\Demo\.m2\repository\com\aventstack\extentreports\3.1.2\extentreports-3.1.2.jar;C:\Users\Demo\.m2\repository\org\mongodb\mongodb-driver\3.3.0\mongodb-driver-3.3.0.jar;C:\Users\Demo\.m2\repository\org\mongodb\bson\3.3.0\bson-3.3.0.jar;C:\Users\Demo\.m2\repository\org\mongodb\mongodb-driver-core\3.3.0\mongodb-driver-core-3.3.0.jar;C:\Users\Demo\.m2\repository\org\apache\httpcomponents\httpclient\4.5.2\httpclient-4.5.2.jar;C:\Users\Demo\.m2\repository\org\apache\httpcomponents\httpcore\4.4.4\httpcore-4.4.4.jar;C:\Users\Demo\.m2\repository\commons-logging\commons-logging\1.2\commons-logging-1.2.jar;C:\Users\Demo\.m2\repository\org\apache\httpcomponents\httpmime\4.5.2\httpmime-4.5.2.jar;C:\Users\Demo\.m2\repository\org\jsoup\jsoup\1.9.2\jsoup-1.9.2.jar;C:\Users\Demo\.m2\repository\com\google\code\gson\gson\2.8.0\gson-2.8.0.jar;C:\Users\Demo\.m2\repository\org\freemarker\freemarker\2.3.28\freemarker-2.3.28.jar;C:\Users\Demo\.m2\repository\log4j\log4j\1.2.17\log4j-1.2.17.jar;"/>
    <property name="sun.cpu.endian" value="little"/>
    <property name="user.home" value="C:\Users\Demo"/>
    <property name="user.language" value="en"/>
    <property name="sun.stderr.encoding" value="cp437"/>
    <property name="java.specification.vendor" value="Oracle Corporation"/>
    <property name="java.version.date" value="2021-01-19"/>
    <property name="java.home" value="C:\Program Files\Java\jdk-15.0.2"/>
    <property name="file.separator" value="\"/>
    <property name="basedir" value="G:\Software_Testing\UITest"/>
    <property name="java.vm.compressedOopsMode" value="32-bit"/>
    <property name="line.separator" value="&#10;"/>
    <property name="sun.stdout.encoding" value="cp437"/>
    <property name="java.vm.specification.vendor" value="Oracle Corporation"/>
    <property name="java.specification.name" value="Java Platform API Specification"/>
    <property name="user.script" value=""/>
    <property name="sun.management.compiler" value="HotSpot 64-Bit Tiered Compilers"/>
    <property name="java.runtime.version" value="15.0.2+7-27"/>
    <property name="user.name" value="Demo"/>
    <property name="path.separator" value=";"/>
    <property name="os.version" value="10.0"/>
    <property name="java.runtime.name" value="Java(TM) SE Runtime Environment"/>
    <property name="file.encoding" value="Cp1252"/>
    <property name="guice.disable.misplaced.annotation.check" value="true"/>
    <property name="sun.nio.ch.bugLevel" value=""/>
    <property name="java.vm.name" value="Java HotSpot(TM) 64-Bit Server VM"/>
    <property name="localRepository" value="C:\Users\Demo\.m2\repository"/>
    <property name="java.vendor.url.bug" value="https://bugreport.java.com/bugreport/"/>
    <property name="java.io.tmpdir" value="C:\Users\Demo\AppData\Local\Temp\"/>
    <property name="java.version" value="15.0.2"/>
    <property name="user.dir" value="G:\Software_Testing\UITest"/>
    <property name="os.arch" value="amd64"/>
    <property name="maven.multiModuleProjectDirectory" value="G:\Software_Testing\UITest"/>
    <property name="java.vm.specification.name" value="Java Virtual Machine Specification"/>
    <property name="sun.os.patch.level" value=""/>
    <property name="java.library.path" value="C:\Program Files\Java\jdk-15.0.2\bin;C:\WINDOWS\Sun\Java\bin;C:\WINDOWS\system32;C:\WINDOWS;C:\Program Files\Common Files\Oracle\Java\javapath;C:\ProgramData\Oracle\Java\javapath;C:\Program Files (x86)\Intel\iCLS Client\;C:\Program Files\Intel\iCLS Client\;C:\Program Files\apache-maven-3.6.3\bin;C:\WINDOWS\system32;C:\WINDOWS;C:\WINDOWS\System32\Wbem;C:\WINDOWS\System32\WindowsPowerShell\v1.0\;C:\Program Files (x86)\Intel\Intel(R) Management Engine Components\DAL;C:\Program Files\Intel\Intel(R) Management Engine Components\DAL;C:\Program Files (x86)\Intel\Intel(R) Management Engine Components\IPT;C:\Program Files\Intel\Intel(R) Management Engine Components\IPT;C:\WINDOWS\System32\OpenSSH\;C:\Program Files\PuTTY\;C:\Program Files\Git\cmd;C:\Program Files\apache-maven-3.6.3\bin;C:\Users\Demo\AppData\Local\Microsoft\WindowsApps;%MEVEN_HOME%\bin;C:\Program Files\JetBrains\IntelliJ IDEA Community Edition 2020.3.2\bin;;;."/>
    <property name="java.vm.info" value="mixed mode, sharing"/>
    <property name="java.vendor" value="Oracle Corporation"/>
    <property name="java.vm.version" value="15.0.2+7-27"/>
    <property name="classworlds.conf" value="C:\Program Files\apache-maven-3.6.3\bin\..\bin\m2.conf"/>
    <property name="sun.io.unicode.encoding" value="UnicodeLittle"/>
    <property name="library.jansi.path" value="C:\Program Files\apache-maven-3.6.3\bin\..\lib\jansi-native"/>
    <property name="java.class.version" value="59.0"/>
  </properties>
  <testcase name="TC01_FailedLoginTest" classname="com.BusyQA.UITest.TestCases.Sprint1.TC_LoginTest" time="18.981"/>
  <testcase name="TC02_FailedLoginTest" classname="com.BusyQA.UITest.TestCases.Sprint1.TC_LoginTest" time="1.398">
    <failure message="Not matched expected [Invalid] but found [Invalid credentials]" type="java.lang.AssertionError">java.lang.AssertionError: Not matched expected [Invalid] but found [Invalid credentials]
	at com.BusyQA.UITest.TestCases.Sprint1.TC_LoginTest.TC02_FailedLoginTest(TC_LoginTest.java:75)
</failure>
    <system-out><![CDATA[ INFO [TestNG] (TC_LoginTest.java:67)- []
 INFO [TestNG] (ExcelReaderTest.java:39)- Row Count: 4
 INFO [TestNG] (ExcelReaderTest.java:41)- Column Count: 3
 INFO [TestNG] (ExcelReaderTest.java:44)- Row Number: <xml-fragment r="3" spans="1:3" xmlns:r="http://schemas.openxmlformats.org/officeDocument/2006/relationships" xmlns:mc="http://schemas.openxmlformats.org/markup-compatibility/2006" xmlns:x14ac="http://schemas.microsoft.com/office/spreadsheetml/2009/9/ac" xmlns:xr="http://schemas.microsoft.com/office/spreadsheetml/2014/revision" xmlns:xr2="http://schemas.microsoft.com/office/spreadsheetml/2015/revision2" xmlns:xr3="http://schemas.microsoft.com/office/spreadsheetml/2016/revision3" xmlns:main="http://schemas.openxmlformats.org/spreadsheetml/2006/main">
  <main:c r="A3" t="s">
    <main:v>4</main:v>
  </main:c>
  <main:c r="B3" t="s">
    <main:v>3</main:v>
  </main:c>
</xml-fragment>
 INFO [TestNG] (TC_LoginTest.java:69)- [admin123, admin]
Screenshot taken
]]></system-out>
  </testcase>
  <testcase name="TC03_SuccessLoginTest" classname="com.BusyQA.UITest.TestCases.Sprint1.TC_LoginTest" time="3.34"/>
</testsuite>